<?xml version="1.0" encoding="UTF-8"?>
<testng-results ignored="0" total="2" passed="2" failed="0" skipped="0">
  <reporter-output>
  </reporter-output>
  <suite started-at="2024-11-03T17:25:47Z" name="Data driven basics" finished-at="2024-11-03T17:25:49Z" duration-ms="1683">
    <groups>
    </groups>
    <test started-at="2024-11-03T17:25:47Z" name="BankLoginTest" finished-at="2024-11-03T17:25:48Z" duration-ms="1150">
      <class name="com.infy.testcases.BankManagerLoginTest">
        <test-method signature="loginAsBankManager()[pri:0, instance:com.infy.testcases.BankManagerLoginTest@b91d8c4]" started-at="2024-11-03T17:25:47Z" name="loginAsBankManager" finished-at="2024-11-03T17:25:48Z" duration-ms="1119" status="PASS">
          <reporter-output>
          </reporter-output>
        </test-method> <!-- loginAsBankManager -->
      </class> <!-- com.infy.testcases.BankManagerLoginTest -->
    </test> <!-- BankLoginTest -->
    <test started-at="2024-11-03T17:25:48Z" name="AddingCustomerLoginTest" finished-at="2024-11-03T17:25:49Z" duration-ms="497">
      <class name="com.infy.testcases.AddCustomer">
        <test-method is-config="true" signature="setUp()[pri:0, instance:com.infy.testcases.AddCustomer@70fab835]" started-at="2024-11-03T17:25:45Z" name="setUp" finished-at="2024-11-03T17:25:47Z" duration-ms="1767" status="PASS">
          <reporter-output>
          </reporter-output>
        </test-method> <!-- setUp -->
        <test-method signature="addCustomer(java.lang.String, java.lang.String, java.lang.String, java.lang.String)[pri:0, instance:com.infy.testcases.AddCustomer@70fab835]" started-at="2024-11-03T17:25:48Z" name="addCustomer" data-provider="getdata" finished-at="2024-11-03T17:25:49Z" duration-ms="467" status="PASS">
          <params>
            <param index="0">
              <value>
                <![CDATA[Himanshu]]>
              </value>
            </param>
            <param index="1">
              <value>
                <![CDATA[Gadekar]]>
              </value>
            </param>
            <param index="2">
              <value>
                <![CDATA[460449.0]]>
              </value>
            </param>
            <param index="3">
              <value>
                <![CDATA[Customer added successfully]]>
              </value>
            </param>
          </params>
          <reporter-output>
          </reporter-output>
        </test-method> <!-- addCustomer -->
        <test-method is-config="true" signature="tearDown()[pri:0, instance:com.infy.testcases.AddCustomer@70fab835]" started-at="2024-11-03T17:25:49Z" name="tearDown" finished-at="2024-11-03T17:25:49Z" duration-ms="192" status="PASS">
          <reporter-output>
          </reporter-output>
        </test-method> <!-- tearDown -->
      </class> <!-- com.infy.testcases.AddCustomer -->
    </test> <!-- AddingCustomerLoginTest -->
  </suite> <!-- Data driven basics -->
</testng-results>
