<?xml version="1.0" encoding="UTF-8"?>
<testng-results ignored="0" total="2" passed="2" failed="0" skipped="0">
  <reporter-output>
  </reporter-output>
  <suite started-at="2024-11-07T06:58:11Z" name="Data driven basics" finished-at="2024-11-07T06:58:13Z" duration-ms="1749">
    <groups>
    </groups>
    <test started-at="2024-11-07T06:58:11Z" name="BankLoginTest" finished-at="2024-11-07T06:58:12Z" duration-ms="1139">
      <class name="com.infy.testcases.BankManagerLoginTest">
        <test-method signature="loginAsBankManager()[pri:0, instance:com.infy.testcases.BankManagerLoginTest@4b6166aa]" started-at="2024-11-07T06:58:11Z" name="loginAsBankManager" finished-at="2024-11-07T06:58:12Z" duration-ms="1123" status="PASS">
          <reporter-output>
          </reporter-output>
        </test-method> <!-- loginAsBankManager -->
      </class> <!-- com.infy.testcases.BankManagerLoginTest -->
    </test> <!-- BankLoginTest -->
    <test started-at="2024-11-07T06:58:12Z" name="AddingCustomerLoginTest" finished-at="2024-11-07T06:58:13Z" duration-ms="585">
      <class name="com.infy.testcases.AddCustomer">
        <test-method is-config="true" signature="setUp()[pri:0, instance:com.infy.testcases.AddCustomer@1b0a7baf]" started-at="2024-11-07T06:58:09Z" name="setUp" finished-at="2024-11-07T06:58:11Z" duration-ms="2412" status="PASS">
          <reporter-output>
          </reporter-output>
        </test-method> <!-- setUp -->
        <test-method signature="addCustomer(java.lang.String, java.lang.String, java.lang.String, java.lang.String)[pri:0, instance:com.infy.testcases.AddCustomer@1b0a7baf]" started-at="2024-11-07T06:58:12Z" name="addCustomer" data-provider="getdata" finished-at="2024-11-07T06:58:13Z" duration-ms="567" status="PASS">
          <params>
            <param index="0">
              <value>
                <![CDATA[Himanshu]]>
              </value>
            </param>
            <param index="1">
              <value>
                <![CDATA[Gadekar]]>
              </value>
            </param>
            <param index="2">
              <value>
                <![CDATA[460449.0]]>
              </value>
            </param>
            <param index="3">
              <value>
                <![CDATA[Customer added successfully]]>
              </value>
            </param>
          </params>
          <reporter-output>
          </reporter-output>
        </test-method> <!-- addCustomer -->
        <test-method is-config="true" signature="tearDown()[pri:0, instance:com.infy.testcases.AddCustomer@1b0a7baf]" started-at="2024-11-07T06:58:13Z" name="tearDown" finished-at="2024-11-07T06:58:13Z" duration-ms="218" status="PASS">
          <reporter-output>
          </reporter-output>
        </test-method> <!-- tearDown -->
      </class> <!-- com.infy.testcases.AddCustomer -->
    </test> <!-- AddingCustomerLoginTest -->
  </suite> <!-- Data driven basics -->
</testng-results>
